2025-11-22 01:26:49,206 - INFO - Starting newsletter processing at 2025-11-22T01:26:49.206297
2025-11-22 01:26:49,206 - INFO - Found 1 .eml file(s) to process
2025-11-22 01:26:49,206 - INFO - Processing: inbox/2025-11-22-AAMkADkwNjZjMmVlLTlkN2UtNDY2OC04ZmQ4LThmNzAxNzE4ZjUzMwBGAAAAAADF5XNPAAPpSZHt7RO3xQ4MBwAMy_AuoORGQLxolH18czl2AAAAAAEMAAAMy_AuoORGQLxolH18czl2AAIiw9YRAAA=.eml
2025-11-22 01:26:49,558 - INFO - SUCCESS: inbox/2025-11-22-AAMkADkwNjZjMmVlLTlkN2UtNDY2OC04ZmQ4LThmNzAxNzE4ZjUzMwBGAAAAAADF5XNPAAPpSZHt7RO3xQ4MBwAMy_AuoORGQLxolH18czl2AAAAAAEMAAAMy_AuoORGQLxolH18czl2AAIiw9YRAAA=.eml
2025-11-22 01:26:49,558 - INFO - Created _newsletters/2025-11-22-11.22.25/index.md
2025-11-22 01:26:49,558 - INFO - Removed processed file: inbox/2025-11-22-AAMkADkwNjZjMmVlLTlkN2UtNDY2OC04ZmQ4LThmNzAxNzE4ZjUzMwBGAAAAAADF5XNPAAPpSZHt7RO3xQ4MBwAMy_AuoORGQLxolH18czl2AAAAAAEMAAAMy_AuoORGQLxolH18czl2AAIiw9YRAAA=.eml
2025-11-22 01:26:49,577 - INFO - Processing complete. Success: 1, Failed: 0
2025-11-22 01:29:03,243 - INFO - Starting newsletter processing at 2025-11-22T01:29:03.243026
2025-11-22 01:29:03,243 - INFO - Found 1 .eml file(s) to process
2025-11-22 01:29:03,243 - INFO - Processing: inbox/2025-11-22-AAMkADkwNjZjMmVlLTlkN2UtNDY2OC04ZmQ4LThmNzAxNzE4ZjUzMwBGAAAAAADF5XNPAAPpSZHt7RO3xQ4MBwAMy_AuoORGQLxolH18czl2AAAAAAEMAAAMy_AuoORGQLxolH18czl2AAIiw9YSAAA=.eml
2025-11-22 01:29:03,430 - INFO - SUCCESS: inbox/2025-11-22-AAMkADkwNjZjMmVlLTlkN2UtNDY2OC04ZmQ4LThmNzAxNzE4ZjUzMwBGAAAAAADF5XNPAAPpSZHt7RO3xQ4MBwAMy_AuoORGQLxolH18czl2AAAAAAEMAAAMy_AuoORGQLxolH18czl2AAIiw9YSAAA=.eml
2025-11-22 01:29:03,430 - INFO - Created _newsletters/2025-11-22-11.22.25/index.md
2025-11-22 01:29:03,430 - INFO - Removed processed file: inbox/2025-11-22-AAMkADkwNjZjMmVlLTlkN2UtNDY2OC04ZmQ4LThmNzAxNzE4ZjUzMwBGAAAAAADF5XNPAAPpSZHt7RO3xQ4MBwAMy_AuoORGQLxolH18czl2AAAAAAEMAAAMy_AuoORGQLxolH18czl2AAIiw9YSAAA=.eml
2025-11-22 01:29:03,449 - INFO - Processing complete. Success: 1, Failed: 0
2025-11-22 01:33:42,803 - INFO - Starting newsletter processing at 2025-11-22T01:33:42.803356
2025-11-22 01:33:42,803 - INFO - Found 1 .eml file(s) to process
2025-11-22 01:33:42,803 - INFO - Processing: inbox/2025-11-22-AAMkADkwNjZjMmVlLTlkN2UtNDY2OC04ZmQ4LThmNzAxNzE4ZjUzMwBGAAAAAADF5XNPAAPpSZHt7RO3xQ4MBwAMy_AuoORGQLxolH18czl2AAAAAAEMAAAMy_AuoORGQLxolH18czl2AAIiw9YTAAA=.eml
2025-11-22 01:33:42,998 - INFO - SUCCESS: inbox/2025-11-22-AAMkADkwNjZjMmVlLTlkN2UtNDY2OC04ZmQ4LThmNzAxNzE4ZjUzMwBGAAAAAADF5XNPAAPpSZHt7RO3xQ4MBwAMy_AuoORGQLxolH18czl2AAAAAAEMAAAMy_AuoORGQLxolH18czl2AAIiw9YTAAA=.eml
2025-11-22 01:33:42,998 - INFO - Created _newsletters/2025-11-22-11.22.25/index.md
2025-11-22 01:33:42,998 - INFO - Removed processed file: inbox/2025-11-22-AAMkADkwNjZjMmVlLTlkN2UtNDY2OC04ZmQ4LThmNzAxNzE4ZjUzMwBGAAAAAADF5XNPAAPpSZHt7RO3xQ4MBwAMy_AuoORGQLxolH18czl2AAAAAAEMAAAMy_AuoORGQLxolH18czl2AAIiw9YTAAA=.eml
2025-11-22 01:33:43,017 - INFO - Processing complete. Success: 1, Failed: 0
2025-11-22 01:44:10,142 - INFO - Starting newsletter processing at 2025-11-22T01:44:10.142736
2025-11-22 01:44:10,143 - INFO - Found 1 .eml file(s) to process
2025-11-22 01:44:10,143 - INFO - Processing: inbox/2025-11-22-AAMkADkwNjZjMmVlLTlkN2UtNDY2OC04ZmQ4LThmNzAxNzE4ZjUzMwBGAAAAAADF5XNPAAPpSZHt7RO3xQ4MBwAMy_AuoORGQLxolH18czl2AAIiw_mlAAAMy_AuoORGQLxolH18czl2AAIixHsQAAA=.eml
2025-11-22 01:44:10,340 - INFO - SUCCESS: inbox/2025-11-22-AAMkADkwNjZjMmVlLTlkN2UtNDY2OC04ZmQ4LThmNzAxNzE4ZjUzMwBGAAAAAADF5XNPAAPpSZHt7RO3xQ4MBwAMy_AuoORGQLxolH18czl2AAIiw_mlAAAMy_AuoORGQLxolH18czl2AAIixHsQAAA=.eml
2025-11-22 01:44:10,341 - INFO - Created _newsletters/2025-11-22-11.22.25/index.md
2025-11-22 01:44:10,341 - INFO - Removed processed file: inbox/2025-11-22-AAMkADkwNjZjMmVlLTlkN2UtNDY2OC04ZmQ4LThmNzAxNzE4ZjUzMwBGAAAAAADF5XNPAAPpSZHt7RO3xQ4MBwAMy_AuoORGQLxolH18czl2AAIiw_mlAAAMy_AuoORGQLxolH18czl2AAIixHsQAAA=.eml
2025-11-22 01:44:10,360 - INFO - Processing complete. Success: 1, Failed: 0
2025-11-22 02:25:18,142 - INFO - Starting newsletter processing at 2025-11-22T02:25:18.142229
2025-11-22 02:25:18,142 - INFO - Found 1 .html file(s) in import
2025-11-22 02:25:18,142 - INFO - Processing: import/test.html
2025-11-22 02:25:18,597 - INFO - SUCCESS: import/test.html
2025-11-22 02:25:18,597 - INFO - Created _newsletters/friday-nov.-14-2025-11.14.25/index.md
2025-11-22 02:25:18,597 - INFO - Removed processed file: import/test.html
2025-11-22 02:25:18,615 - INFO - Processing complete. Success: 1, Failed: 0
